# JRE version: OpenJDK Runtime Environment JBR-17.0.8.1+7-1059.3-nomod (17.0.8.1+7) (build 17.0.8.1+7-b1059.3)
# Java VM: OpenJDK 64-Bit Server VM JBR-17.0.8.1+7-1059.3-nomod (17.0.8.1+7-b1059.3, mixed mode, tiered, compressed oops, compressed class ptrs, g1 gc, windows-amd64)
GC Precious Log:
 CPUs: 8 total, 8 available
 Memory: 16217M
 Large Page Support: Disabled
 NUMA Support: Disabled
 Compressed Oops: Enabled (Zero based)
 Heap Region Size: 2M
 Heap Min Capacity: 8M
 Heap Initial Capacity: 254M
 Heap Max Capacity: 4056M
 Pre-touch: Disabled
 Parallel Workers: 8
 Concurrent Workers: 2
 Concurrent Refinement Workers: 8
 Periodic GC: Disabled
Heap:
 garbage-first heap   total 40960K, used 18273K [0x0000000702800000, 0x0000000800000000)
  region size 2048K, 7 young (14336K), 1 survivors (2048K)
 Metaspace       used 30496K, committed 30720K, reserved 1114112K
  class space    used 3152K, committed 3264K, reserved 1048576K
GC Heap History (8 events):
Event: 0.593 GC heap before
{Heap before GC invocations=0 (full 0):
 garbage-first heap   total 260096K, used 22528K [0x0000000702800000, 0x0000000800000000)
  region size 2048K, 11 young (22528K), 0 survivors (0K)
 Metaspace       used 16131K, committed 16320K, reserved 1114112K
  class space    used 1526K, committed 1600K, reserved 1048576K
}
Event: 0.596 GC heap after
{Heap after GC invocations=1 (full 0):
 garbage-first heap   total 260096K, used 5712K [0x0000000702800000, 0x0000000800000000)
  region size 2048K, 2 young (4096K), 2 survivors (4096K)
 Metaspace       used 16131K, committed 16320K, reserved 1114112K
  class space    used 1526K, committed 1600K, reserved 1048576K
}
Event: 1.033 GC heap before
{Heap before GC invocations=1 (full 0):
 garbage-first heap   total 260096K, used 26192K [0x0000000702800000, 0x0000000800000000)
  region size 2048K, 13 young (26624K), 2 survivors (4096K)
 Metaspace       used 21375K, committed 21504K, reserved 1114112K
  class space    used 2103K, committed 2176K, reserved 1048576K
}
Event: 1.036 GC heap after
{Heap after GC invocations=2 (full 0):
 garbage-first heap   total 260096K, used 6699K [0x0000000702800000, 0x0000000800000000)
  region size 2048K, 1 young (2048K), 1 survivors (2048K)
 Metaspace       used 21375K, committed 21504K, reserved 1114112K
  class space    used 2103K, committed 2176K, reserved 1048576K
}
Event: 1.346 GC heap before
{Heap before GC invocations=3 (full 0):
 garbage-first heap   total 40960K, used 29227K [0x0000000702800000, 0x0000000800000000)
  region size 2048K, 12 young (24576K), 1 survivors (2048K)
 Metaspace       used 27112K, committed 27264K, reserved 1114112K
  class space    used 2774K, committed 2816K, reserved 1048576K
}
Event: 1.349 GC heap after
{Heap after GC invocations=4 (full 0):
 garbage-first heap   total 40960K, used 7752K [0x0000000702800000, 0x0000000800000000)
  region size 2048K, 2 young (4096K), 2 survivors (4096K)
 Metaspace       used 27112K, committed 27264K, reserved 1114112K
  class space    used 2774K, committed 2816K, reserved 1048576K
}
Event: 1.372 GC heap before
{Heap before GC invocations=4 (full 0):
 garbage-first heap   total 40960K, used 7752K [0x0000000702800000, 0x0000000800000000)
  region size 2048K, 3 young (6144K), 2 survivors (4096K)
 Metaspace       used 27556K, committed 27712K, reserved 1114112K
  class space    used 2835K, committed 2880K, reserved 1048576K
}
Event: 1.375 GC heap after
{Heap after GC invocations=5 (full 0):
 garbage-first heap   total 40960K, used 8033K [0x0000000702800000, 0x0000000800000000)
  region size 2048K, 1 young (2048K), 1 survivors (2048K)
 Metaspace       used 27556K, committed 27712K, reserved 1114112K
  class space    used 2835K, committed 2880K, reserved 1048576K
}

