# JRE version: OpenJDK Runtime Environment JBR-17.0.8.1+7-1059.3-nomod (17.0.8.1+7) (build 17.0.8.1+7-b1059.3)
# Java VM: OpenJDK 64-Bit Server VM JBR-17.0.8.1+7-1059.3-nomod (17.0.8.1+7-b1059.3, mixed mode, tiered, compressed oops, compressed class ptrs, g1 gc, windows-amd64)
GC Precious Log:
 CPUs: 8 total, 8 available
 Memory: 16217M
 Large Page Support: Disabled
 NUMA Support: Disabled
 Compressed Oops: Enabled (Zero based)
 Heap Region Size: 2M
 Heap Min Capacity: 8M
 Heap Initial Capacity: 254M
 Heap Max Capacity: 4056M
 Pre-touch: Disabled
 Parallel Workers: 8
 Concurrent Workers: 2
 Concurrent Refinement Workers: 8
 Periodic GC: Disabled
Heap:
 garbage-first heap   total 40960K, used 18251K [0x0000000702800000, 0x0000000800000000)
  region size 2048K, 7 young (14336K), 1 survivors (2048K)
 Metaspace       used 30571K, committed 30784K, reserved 1114112K
  class space    used 3159K, committed 3264K, reserved 1048576K
GC Heap History (8 events):
Event: 0.685 GC heap before
{Heap before GC invocations=0 (full 0):
 garbage-first heap   total 260096K, used 22528K [0x0000000702800000, 0x0000000800000000)
  region size 2048K, 11 young (22528K), 0 survivors (0K)
 Metaspace       used 16163K, committed 16320K, reserved 1114112K
  class space    used 1528K, committed 1600K, reserved 1048576K
}
Event: 0.688 GC heap after
{Heap after GC invocations=1 (full 0):
 garbage-first heap   total 260096K, used 5467K [0x0000000702800000, 0x0000000800000000)
  region size 2048K, 2 young (4096K), 2 survivors (4096K)
 Metaspace       used 16163K, committed 16320K, reserved 1114112K
  class space    used 1528K, committed 1600K, reserved 1048576K
}
Event: 1.186 GC heap before
{Heap before GC invocations=1 (full 0):
 garbage-first heap   total 260096K, used 25947K [0x0000000702800000, 0x0000000800000000)
  region size 2048K, 13 young (26624K), 2 survivors (4096K)
 Metaspace       used 21354K, committed 21504K, reserved 1114112K
  class space    used 2093K, committed 2176K, reserved 1048576K
}
Event: 1.190 GC heap after
{Heap after GC invocations=2 (full 0):
 garbage-first heap   total 260096K, used 6903K [0x0000000702800000, 0x0000000800000000)
  region size 2048K, 1 young (2048K), 1 survivors (2048K)
 Metaspace       used 21354K, committed 21504K, reserved 1114112K
  class space    used 2093K, committed 2176K, reserved 1048576K
}
Event: 1.567 GC heap before
{Heap before GC invocations=3 (full 0):
 garbage-first heap   total 40960K, used 29431K [0x0000000702800000, 0x0000000800000000)
  region size 2048K, 12 young (24576K), 1 survivors (2048K)
 Metaspace       used 27025K, committed 27264K, reserved 1114112K
  class space    used 2758K, committed 2880K, reserved 1048576K
}
Event: 1.571 GC heap after
{Heap after GC invocations=4 (full 0):
 garbage-first heap   total 40960K, used 7775K [0x0000000702800000, 0x0000000800000000)
  region size 2048K, 2 young (4096K), 2 survivors (4096K)
 Metaspace       used 27025K, committed 27264K, reserved 1114112K
  class space    used 2758K, committed 2880K, reserved 1048576K
}
Event: 1.597 GC heap before
{Heap before GC invocations=4 (full 0):
 garbage-first heap   total 40960K, used 7775K [0x0000000702800000, 0x0000000800000000)
  region size 2048K, 3 young (6144K), 2 survivors (4096K)
 Metaspace       used 27468K, committed 27648K, reserved 1114112K
  class space    used 2816K, committed 2880K, reserved 1048576K
}
Event: 1.600 GC heap after
{Heap after GC invocations=5 (full 0):
 garbage-first heap   total 40960K, used 8011K [0x0000000702800000, 0x0000000800000000)
  region size 2048K, 1 young (2048K), 1 survivors (2048K)
 Metaspace       used 27468K, committed 27648K, reserved 1114112K
  class space    used 2816K, committed 2880K, reserved 1048576K
}

